<?xml version="1.0" encoding="UTF-8"?>
<!-- Generated by org.testng.reporters.JUnitReportReporter -->
<testsuite hostname="Hemant_Bhase" failures="0" tests="2" name="maven_practice_project.HospitalManagementTest" time="1.951" errors="0" timestamp="2025-08-23T16:13:51 IST" skipped="0">
  <testcase classname="maven_practice_project.HospitalManagementTest" name="testValidLoginWithMockDB" time="0.015"/>
  <testcase classname="maven_practice_project.HospitalManagementTest" name="testInvalidLoginWithMockDB" time="1.936"/>
</testsuite> <!-- maven_practice_project.HospitalManagementTest -->
